<?xml version="1.0" encoding="UTF-8"?>
<testsuite xmlns:xsi="http://www.w3.org/2001/XMLSchema-instance" xsi:noNamespaceSchemaLocation="https://maven.apache.org/surefire/maven-surefire-plugin/xsd/surefire-test-report-3.0.xsd" version="3.0" name="TestSuite" time="30.702" tests="3" errors="0" skipped="0" failures="0">
  <properties>
[...]
</properties>
  <testcase name="runScenario" classname="runner.WebRunner" time="9.342"/>
  <testcase name="runScenario" classname="runner.WebRunner" time="8.318"/>
  <testcase name="runScenario" classname="runner.WebRunner" time="11.291"/>
</testsuite>