<?xml version="1.0" encoding="UTF-8"?>
<testng-results skipped="0" failed="0" total="3" passed="3">
  <reporter-output>
    <line>
      <![CDATA[<div "result">User should be on Home Page (PASSED : 5s)</div>]]>
    </line>
    <line>
      <![CDATA[<div "result">user click on &quot;Dropable&quot; link (PASSED : 3s)</div>]]>
    </line>
    <line>
      <![CDATA[<div "result">user do drag and drop (PASSED : 0s)</div>]]>
    </line>
    <line>
      <![CDATA[<div "result">User should be on Home Page (PASSED : 5s)</div>]]>
    </line>
    <line>
      <![CDATA[<div "result">user click on &quot;Selectable&quot; link (PASSED : 2s)</div>]]>
    </line>
    <line>
      <![CDATA[<div "result">user select [&quot;Item 1&quot;,&quot;Item 3&quot;,&quot;Item 7&quot;] (PASSED : 0s)</div>]]>
    </line>
    <line>
      <![CDATA[<div "result">User should be on Home Page (PASSED : 6s)</div>]]>
    </line>
    <line>
      <![CDATA[<div "result">user click on &quot;Controlgroup&quot; link (PASSED : 3s)</div>]]>
    </line>
    <line>
      <![CDATA[<div "result">user switch to iframe (PASSED : 0s)</div>]]>
    </line>
    <line>
      <![CDATA[<div "result">user select &quot;SUV&quot; in horizontal car-type selection (PASSED : 0s)</div>]]>
    </line>
    <line>
      <![CDATA[<div "result">user select Automatic transmission in horizontal car-type selection (PASSED : 0s)</div>]]>
    </line>
    <line>
      <![CDATA[<div "result">user select Insurance checkbox in horizontal car-type selection (PASSED : 0s)</div>]]>
    </line>
    <line>
      <![CDATA[<div "result">user enter &quot;1&quot; value in number of car input box (PASSED : 0s)</div>]]>
    </line>
    <line>
      <![CDATA[<div "result">user select &quot;Truck&quot; in vertical car-type selection (PASSED : 0s)</div>]]>
    </line>
    <line>
      <![CDATA[<div "result">user select Standard transmission in vertical car-type selection (PASSED : 0s)</div>]]>
    </line>
    <line>
      <![CDATA[<div "result">user select Insurance checkbox in vertical car-type selection (PASSED : 0s)</div>]]>
    </line>
    <line>
      <![CDATA[<div "result">user enter &quot;3&quot; value in number of car vertical box (PASSED : 0s)</div>]]>
    </line>
  </reporter-output>
  <suite name="BDD Test Suite" duration-ms="29607" started-at="2021-05-06T07:16:06Z" finished-at="2021-05-06T07:16:36Z">
    <groups>
      <group name="cucumber">
        <method signature="AbstractTestNGCucumberTests.runScenario(cucumber.api.testng.PickleEventWrapper, cucumber.api.testng.CucumberFeatureWrapper)[pri:0, instance:runner.WebRunner@1753acfe]" name="runScenario" class="cucumber.api.testng.AbstractTestNGCucumberTests"/>
      </group> <!-- cucumber -->
    </groups>
    <test name="Naggaro Test" duration-ms="29607" started-at="2021-05-06T07:16:06Z" finished-at="2021-05-06T07:16:36Z">
      <class name="runner.WebRunner">
        <test-method status="PASS" signature="setUpClass()[pri:0, instance:runner.WebRunner@1753acfe]" name="setUpClass" is-config="true" duration-ms="253" started-at="2021-05-06T12:46:06Z" finished-at="2021-05-06T12:46:06Z">
          <reporter-output>
          </reporter-output>
        </test-method> <!-- setUpClass -->
        <test-method status="PASS" signature="runScenario(cucumber.api.testng.PickleEventWrapper, cucumber.api.testng.CucumberFeatureWrapper)[pri:0, instance:runner.WebRunner@1753acfe]" name="runScenario" duration-ms="9341" started-at="2021-05-06T12:46:06Z" description="Runs Cucumber Scenarios" data-provider="scenarios" finished-at="2021-05-06T12:46:16Z">
          <params>
            <param index="0">
              <value>
                <![CDATA["Test Drag and Drop"]]>
              </value>
            </param>
            <param index="1">
              <value>
                <![CDATA["ValidationTestForLogin"]]>
              </value>
            </param>
          </params>
          <reporter-output>
            <line>
              <![CDATA[<div "result">User should be on Home Page (PASSED : 5s)</div>]]>
            </line>
            <line>
              <![CDATA[<div "result">user click on &quot;Dropable&quot; link (PASSED : 3s)</div>]]>
            </line>
            <line>
              <![CDATA[<div "result">user do drag and drop (PASSED : 0s)</div>]]>
            </line>
          </reporter-output>
        </test-method> <!-- runScenario -->
        <test-method status="PASS" signature="killDriver()[pri:0, instance:runner.WebRunner@1753acfe]" name="killDriver" is-config="true" duration-ms="116" started-at="2021-05-06T12:46:16Z" finished-at="2021-05-06T12:46:16Z">
          <reporter-output>
          </reporter-output>
        </test-method> <!-- killDriver -->
        <test-method status="PASS" signature="runScenario(cucumber.api.testng.PickleEventWrapper, cucumber.api.testng.CucumberFeatureWrapper)[pri:0, instance:runner.WebRunner@1753acfe]" name="runScenario" duration-ms="8317" started-at="2021-05-06T12:46:16Z" description="Runs Cucumber Scenarios" data-provider="scenarios" finished-at="2021-05-06T12:46:24Z">
          <params>
            <param index="0">
              <value>
                <![CDATA["Test Select"]]>
              </value>
            </param>
            <param index="1">
              <value>
                <![CDATA["ValidationTestForLogin"]]>
              </value>
            </param>
          </params>
          <reporter-output>
            <line>
              <![CDATA[<div "result">User should be on Home Page (PASSED : 5s)</div>]]>
            </line>
            <line>
              <![CDATA[<div "result">user click on &quot;Selectable&quot; link (PASSED : 2s)</div>]]>
            </line>
            <line>
              <![CDATA[<div "result">user select [&quot;Item 1&quot;,&quot;Item 3&quot;,&quot;Item 7&quot;] (PASSED : 0s)</div>]]>
            </line>
          </reporter-output>
        </test-method> <!-- runScenario -->
        <test-method status="PASS" signature="killDriver()[pri:0, instance:runner.WebRunner@1753acfe]" name="killDriver" is-config="true" duration-ms="119" started-at="2021-05-06T12:46:24Z" finished-at="2021-05-06T12:46:24Z">
          <reporter-output>
          </reporter-output>
        </test-method> <!-- killDriver -->
        <test-method status="PASS" signature="runScenario(cucumber.api.testng.PickleEventWrapper, cucumber.api.testng.CucumberFeatureWrapper)[pri:0, instance:runner.WebRunner@1753acfe]" name="runScenario" duration-ms="11291" started-at="2021-05-06T12:46:24Z" description="Runs Cucumber Scenarios" data-provider="scenarios" finished-at="2021-05-06T12:46:35Z">
          <params>
            <param index="0">
              <value>
                <![CDATA["Test Control group"]]>
              </value>
            </param>
            <param index="1">
              <value>
                <![CDATA["ValidationTestForLogin"]]>
              </value>
            </param>
          </params>
          <reporter-output>
            <line>
              <![CDATA[<div "result">User should be on Home Page (PASSED : 6s)</div>]]>
            </line>
            <line>
              <![CDATA[<div "result">user click on &quot;Controlgroup&quot; link (PASSED : 3s)</div>]]>
            </line>
            <line>
              <![CDATA[<div "result">user switch to iframe (PASSED : 0s)</div>]]>
            </line>
            <line>
              <![CDATA[<div "result">user select &quot;SUV&quot; in horizontal car-type selection (PASSED : 0s)</div>]]>
            </line>
            <line>
              <![CDATA[<div "result">user select Automatic transmission in horizontal car-type selection (PASSED : 0s)</div>]]>
            </line>
            <line>
              <![CDATA[<div "result">user select Insurance checkbox in horizontal car-type selection (PASSED : 0s)</div>]]>
            </line>
            <line>
              <![CDATA[<div "result">user enter &quot;1&quot; value in number of car input box (PASSED : 0s)</div>]]>
            </line>
            <line>
              <![CDATA[<div "result">user select &quot;Truck&quot; in vertical car-type selection (PASSED : 0s)</div>]]>
            </line>
            <line>
              <![CDATA[<div "result">user select Standard transmission in vertical car-type selection (PASSED : 0s)</div>]]>
            </line>
            <line>
              <![CDATA[<div "result">user select Insurance checkbox in vertical car-type selection (PASSED : 0s)</div>]]>
            </line>
            <line>
              <![CDATA[<div "result">user enter &quot;3&quot; value in number of car vertical box (PASSED : 0s)</div>]]>
            </line>
          </reporter-output>
        </test-method> <!-- runScenario -->
        <test-method status="PASS" signature="killDriver()[pri:0, instance:runner.WebRunner@1753acfe]" name="killDriver" is-config="true" duration-ms="112" started-at="2021-05-06T12:46:35Z" finished-at="2021-05-06T12:46:36Z">
          <reporter-output>
          </reporter-output>
        </test-method> <!-- killDriver -->
        <test-method status="PASS" signature="tearDownClass()[pri:0, instance:runner.WebRunner@1753acfe]" name="tearDownClass" is-config="true" duration-ms="15" started-at="2021-05-06T12:46:36Z" finished-at="2021-05-06T12:46:36Z">
          <reporter-output>
          </reporter-output>
        </test-method> <!-- tearDownClass -->
        <test-method status="PASS" signature="generateHTMLReports()[pri:0, instance:runner.WebRunner@1753acfe]" name="generateHTMLReports" is-config="true" duration-ms="846" started-at="2021-05-06T12:46:36Z" finished-at="2021-05-06T12:46:36Z">
          <reporter-output>
          </reporter-output>
        </test-method> <!-- generateHTMLReports -->
      </class> <!-- runner.WebRunner -->
    </test> <!-- Naggaro Test -->
  </suite> <!-- BDD Test Suite -->
</testng-results>
