<?xml version="1.0" encoding="UTF-8"?>
<testsuite xmlns:xsi="http://www.w3.org/2001/XMLSchema-instance" xsi:noNamespaceSchemaLocation="https://maven.apache.org/surefire/maven-surefire-plugin/xsd/surefire-test-report-3.0.xsd" version="3.0" name="TestSuite" time="149.883" tests="14" errors="0" skipped="0" failures="7">
  <properties>
[...]
</properties>
  <testcase name="runScenario" classname="runner.WebRunner" time="14.081"/>
  <testcase name="runScenario" classname="runner.WebRunner" time="8.179">
    <failure message="Plan Suggestion dialog not appeared expected [true] but found [false]" type="java.lang.AssertionError">java.lang.AssertionError: Plan Suggestion dialog not appeared expected [true] but found [false]
</failure>
    <system-out><![CDATA[
  Background:                                     # src/test/java/FeatureFiles/WebTest/De.feature:3
    Given User open order page with "de" Language # PreconditionSteps.userShouldBeOnHomePageWithLanguage(String)

  Scenario: Verify the selection of plan                        # src/test/java/FeatureFiles/WebTest/De.feature:13
    When user select "1 Monat" plan                             # OrderPageSteps.userSelectPlan(String)
    Then User should see "1 Monat" plan selected                # OrderPageSteps.userShouldSeePlanSelected(String)
    And User should able to see plan best Suggestion dialog     # OrderPageSteps.userShouldAbleToSeePlanBestSuggestionDialog()
      java.lang.AssertionError: Plan Suggestion dialog not appeared expected [true] but found [false]
	at org.testng.Assert.fail(Assert.java:94)
	at org.testng.Assert.failNotEquals(Assert.java:496)
	at org.testng.Assert.assertTrue(Assert.java:42)
	at stepFiles.WebSteps.OrderPageSteps.userShouldAbleToSeePlanBestSuggestionDialog(OrderPageSteps.java:60)
	at ?.User should able to see plan best Suggestion dialog(src/test/java/FeatureFiles/WebTest/De.feature:16)

    When user select "6 Monate" plan                            # OrderPageSteps.userSelectPlan(String)
    Then User should see "6 Monate" plan selected               # OrderPageSteps.userShouldSeePlanSelected(String)
    And User should able to see plan best Suggestion dialog     # OrderPageSteps.userShouldAbleToSeePlanBestSuggestionDialog()
    When user select "12 Monate" plan                           # OrderPageSteps.userSelectPlan(String)
    Then User should see "12 Monate" plan selected              # OrderPageSteps.userShouldSeePlanSelected(String)
    And User should not able to see plan best Suggestion dialog # OrderPageSteps.userShouldNotAbleToSeePlanBestSuggestionDialog()
]]></system-out>
    <system-err><![CDATA[Starting ChromeDriver 96.0.4664.45 (76e4c1bb2ab4671b8beba3444e61c0f17584b2fc-refs/branch-heads/4664@{#947}) on port 30956
Only local connections are allowed.
Please see https://chromedriver.chromium.org/security-considerations for suggestions on keeping ChromeDriver safe.
ChromeDriver was started successfully.
[1641127232.806][WARNING]: Deprecated chrome option is ignored: useAutomationExtension
[1641127232.806][WARNING]: Deprecated chrome option is ignored: useAutomationExtension
Jan 02, 2022 6:10:33 PM org.openqa.selenium.remote.ProtocolHandshake createSession
INFO: Detected dialect: W3C
]]></system-err>
  </testcase>
  <testcase name="runScenario" classname="runner.WebRunner" time="8.521">
    <failure message="All No fill error for credit card form are not appearing expected [true] but found [false]" type="java.lang.AssertionError">java.lang.AssertionError: All No fill error for credit card form are not appearing expected [true] but found [false]
</failure>
    <system-out><![CDATA[
  Background:                                     # src/test/java/FeatureFiles/WebTest/De.feature:3
    Given User open order page with "de" Language # PreconditionSteps.userShouldBeOnHomePageWithLanguage(String)

  Scenario: Verify no fill Validation message for Credit card                  # src/test/java/FeatureFiles/WebTest/De.feature:24
    When User scroll down the page to "Kreditkarte" payment type               # OrderPageSteps.userScrollDownThePageToPaymentType(String)
    When User select "Kreditkarte" payment type                                # OrderPageSteps.userSelectPaymentType(String)
    Then it should open credit card detail fill up form                        # OrderPageSteps.itShouldOpenCreditCardDetailFillUpForm()
    When User click on "Jetzt anmelden" button                                 # OrderPageSteps.userClickOnButton(String)
    Then User should able to see no fill error for email                       # OrderPageSteps.userShouldAbleToSeeNoFillErrorForEmail()
    And User should able to see no fill error for credit card form all details # OrderPageSteps.userShouldAbleToSeeNoFillErrorForCreditCardFormAllDetails()
      java.lang.AssertionError: All No fill error for credit card form are not appearing expected [true] but found [false]
	at org.testng.Assert.fail(Assert.java:94)
	at org.testng.Assert.failNotEquals(Assert.java:496)
	at org.testng.Assert.assertTrue(Assert.java:42)
	at stepFiles.WebSteps.OrderPageSteps.userShouldAbleToSeeNoFillErrorForCreditCardFormAllDetails(OrderPageSteps.java:87)
	at ?.User should able to see no fill error for credit card form all details(src/test/java/FeatureFiles/WebTest/De.feature:30)

]]></system-out>
    <system-err><![CDATA[Starting ChromeDriver 96.0.4664.45 (76e4c1bb2ab4671b8beba3444e61c0f17584b2fc-refs/branch-heads/4664@{#947}) on port 12825
Only local connections are allowed.
Please see https://chromedriver.chromium.org/security-considerations for suggestions on keeping ChromeDriver safe.
ChromeDriver was started successfully.
[1641127243.475][WARNING]: Deprecated chrome option is ignored: useAutomationExtension
[1641127243.475][WARNING]: Deprecated chrome option is ignored: useAutomationExtension
Jan 02, 2022 6:10:44 PM org.openqa.selenium.remote.ProtocolHandshake createSession
INFO: Detected dialect: W3C
]]></system-err>
  </testcase>
  <testcase name="runScenario" classname="runner.WebRunner" time="7.593">
    <failure message="element not interactable&#10;  (Session info: chrome=96.0.4664.110)&#10;Build info: version: &apos;3.13.0&apos;, revision: &apos;2f0d292&apos;, time: &apos;2018-06-25T15:24:21.231Z&apos;&#10;System info: host: &apos;L1123.local&apos;, ip: &apos;fe80:0:0:0:d8:e797:8e2b:ab6%en0&apos;, os.name: &apos;Mac OS X&apos;, os.arch: &apos;x86_64&apos;, os.version: &apos;10.16&apos;, java.version: &apos;1.8.0_275&apos;&#10;Driver info: org.openqa.selenium.chrome.ChromeDriver&#10;Capabilities {acceptInsecureCerts: false, browserName: chrome, browserVersion: 96.0.4664.110, chrome: {chromedriverVersion: 96.0.4664.45 (76e4c1bb2ab46..., userDataDir: /var/folders/cq/kq1r5w9s3l1...}, goog:chromeOptions: {debuggerAddress: localhost:62510}, javascriptEnabled: true, networkConnectionEnabled: false, pageLoadStrategy: normal, platform: MAC, platformName: MAC, proxy: Proxy(), setWindowRect: true, strictFileInteractability: false, timeouts: {implicit: 0, pageLoad: 300000, script: 30000}, unhandledPromptBehavior: dismiss and notify, webauthn:extension:credBlob: true, webauthn:extension:largeBlob: true, webauthn:virtualAuthenticators: true}&#10;Session ID: 9b4be4c7a5d53e0c63e09862a4e3c87e" type="org.openqa.selenium.ElementNotInteractableException">org.openqa.selenium.ElementNotInteractableException: 
element not interactable
  (Session info: chrome=96.0.4664.110)
Build info: version: '3.13.0', revision: '2f0d292', time: '2018-06-25T15:24:21.231Z'
System info: host: 'L1123.local', ip: 'fe80:0:0:0:d8:e797:8e2b:ab6%en0', os.name: 'Mac OS X', os.arch: 'x86_64', os.version: '10.16', java.version: '1.8.0_275'
Driver info: org.openqa.selenium.chrome.ChromeDriver
Capabilities {acceptInsecureCerts: false, browserName: chrome, browserVersion: 96.0.4664.110, chrome: {chromedriverVersion: 96.0.4664.45 (76e4c1bb2ab46..., userDataDir: /var/folders/cq/kq1r5w9s3l1...}, goog:chromeOptions: {debuggerAddress: localhost:62510}, javascriptEnabled: true, networkConnectionEnabled: false, pageLoadStrategy: normal, platform: MAC, platformName: MAC, proxy: Proxy(), setWindowRect: true, strictFileInteractability: false, timeouts: {implicit: 0, pageLoad: 300000, script: 30000}, unhandledPromptBehavior: dismiss and notify, webauthn:extension:credBlob: true, webauthn:extension:largeBlob: true, webauthn:virtualAuthenticators: true}
Session ID: 9b4be4c7a5d53e0c63e09862a4e3c87e
</failure>
    <system-out><![CDATA[
  Background:                                     # src/test/java/FeatureFiles/WebTest/De.feature:3
    Given User open order page with "de" Language # PreconditionSteps.userShouldBeOnHomePageWithLanguage(String)

  Scenario: Verify no fill Validation message for PayPal    # src/test/java/FeatureFiles/WebTest/De.feature:32
    When User scroll down the page to "PayPal" payment type # OrderPageSteps.userScrollDownThePageToPaymentType(String)
    When User select "PayPal" payment type                  # OrderPageSteps.userSelectPaymentType(String)
    Then User should able to see "Weiter zu PayPal" button  # OrderPageSteps.userShouldAbleToSeeButton(String)
    When User click on "Weiter zu PayPal" button            # OrderPageSteps.userClickOnButton(String)
      org.openqa.selenium.ElementNotInteractableException: element not interactable
  (Session info: chrome=96.0.4664.110)
Build info: version: '3.13.0', revision: '2f0d292', time: '2018-06-25T15:24:21.231Z'
System info: host: 'L1123.local', ip: 'fe80:0:0:0:d8:e797:8e2b:ab6%en0', os.name: 'Mac OS X', os.arch: 'x86_64', os.version: '10.16', java.version: '1.8.0_275'
Driver info: org.openqa.selenium.chrome.ChromeDriver
Capabilities {acceptInsecureCerts: false, browserName: chrome, browserVersion: 96.0.4664.110, chrome: {chromedriverVersion: 96.0.4664.45 (76e4c1bb2ab46..., userDataDir: /var/folders/cq/kq1r5w9s3l1...}, goog:chromeOptions: {debuggerAddress: localhost:62510}, javascriptEnabled: true, networkConnectionEnabled: false, pageLoadStrategy: normal, platform: MAC, platformName: MAC, proxy: Proxy(), setWindowRect: true, strictFileInteractability: false, timeouts: {implicit: 0, pageLoad: 300000, script: 30000}, unhandledPromptBehavior: dismiss and notify, webauthn:extension:credBlob: true, webauthn:extension:largeBlob: true, webauthn:virtualAuthenticators: true}
Session ID: 9b4be4c7a5d53e0c63e09862a4e3c87e
	at sun.reflect.NativeConstructorAccessorImpl.newInstance0(Native Method)
	at sun.reflect.NativeConstructorAccessorImpl.newInstance(NativeConstructorAccessorImpl.java:62)
	at sun.reflect.DelegatingConstructorAccessorImpl.newInstance(DelegatingConstructorAccessorImpl.java:45)
	at java.lang.reflect.Constructor.newInstance(Constructor.java:423)
	at org.openqa.selenium.remote.http.W3CHttpResponseCodec.createException(W3CHttpResponseCodec.java:187)
	at org.openqa.selenium.remote.http.W3CHttpResponseCodec.decode(W3CHttpResponseCodec.java:122)
	at org.openqa.selenium.remote.http.W3CHttpResponseCodec.decode(W3CHttpResponseCodec.java:49)
	at org.openqa.selenium.remote.HttpCommandExecutor.execute(HttpCommandExecutor.java:158)
	at org.openqa.selenium.remote.service.DriverCommandExecutor.execute(DriverCommandExecutor.java:83)
	at org.openqa.selenium.remote.RemoteWebDriver.execute(RemoteWebDriver.java:548)
	at org.openqa.selenium.remote.RemoteWebElement.execute(RemoteWebElement.java:276)
	at org.openqa.selenium.remote.RemoteWebElement.click(RemoteWebElement.java:83)
	at Pages.Web.OrderPage.clickSubmitBtn(OrderPage.java:178)
	at stepFiles.WebSteps.OrderPageSteps.userClickOnButton(OrderPageSteps.java:92)
	at ?.User click on "Weiter zu PayPal" button(src/test/java/FeatureFiles/WebTest/De.feature:36)

    Then User should able to see no fill error for email    # OrderPageSteps.userShouldAbleToSeeNoFillErrorForEmail()
]]></system-out>
    <system-err><![CDATA[Starting ChromeDriver 96.0.4664.45 (76e4c1bb2ab4671b8beba3444e61c0f17584b2fc-refs/branch-heads/4664@{#947}) on port 32607
Only local connections are allowed.
Please see https://chromedriver.chromium.org/security-considerations for suggestions on keeping ChromeDriver safe.
ChromeDriver was started successfully.
[1641127254.502][WARNING]: Deprecated chrome option is ignored: useAutomationExtension
[1641127254.502][WARNING]: Deprecated chrome option is ignored: useAutomationExtension
Jan 02, 2022 6:10:55 PM org.openqa.selenium.remote.ProtocolHandshake createSession
INFO: Detected dialect: W3C
]]></system-err>
  </testcase>
  <testcase name="runScenario" classname="runner.WebRunner" time="8.321"/>
  <testcase name="runScenario" classname="runner.WebRunner" time="6.145">
    <failure message="element not interactable&#10;  (Session info: chrome=96.0.4664.110)&#10;Build info: version: &apos;3.13.0&apos;, revision: &apos;2f0d292&apos;, time: &apos;2018-06-25T15:24:21.231Z&apos;&#10;System info: host: &apos;L1123.local&apos;, ip: &apos;fe80:0:0:0:d8:e797:8e2b:ab6%en0&apos;, os.name: &apos;Mac OS X&apos;, os.arch: &apos;x86_64&apos;, os.version: &apos;10.16&apos;, java.version: &apos;1.8.0_275&apos;&#10;Driver info: org.openqa.selenium.chrome.ChromeDriver&#10;Capabilities {acceptInsecureCerts: false, browserName: chrome, browserVersion: 96.0.4664.110, chrome: {chromedriverVersion: 96.0.4664.45 (76e4c1bb2ab46..., userDataDir: /var/folders/cq/kq1r5w9s3l1...}, goog:chromeOptions: {debuggerAddress: localhost:62618}, javascriptEnabled: true, networkConnectionEnabled: false, pageLoadStrategy: normal, platform: MAC, platformName: MAC, proxy: Proxy(), setWindowRect: true, strictFileInteractability: false, timeouts: {implicit: 0, pageLoad: 300000, script: 30000}, unhandledPromptBehavior: dismiss and notify, webauthn:extension:credBlob: true, webauthn:extension:largeBlob: true, webauthn:virtualAuthenticators: true}&#10;Session ID: 6ecb70de7cb273b3c85ed278c3f0e3ed" type="org.openqa.selenium.ElementNotInteractableException">org.openqa.selenium.ElementNotInteractableException: 
element not interactable
  (Session info: chrome=96.0.4664.110)
Build info: version: '3.13.0', revision: '2f0d292', time: '2018-06-25T15:24:21.231Z'
System info: host: 'L1123.local', ip: 'fe80:0:0:0:d8:e797:8e2b:ab6%en0', os.name: 'Mac OS X', os.arch: 'x86_64', os.version: '10.16', java.version: '1.8.0_275'
Driver info: org.openqa.selenium.chrome.ChromeDriver
Capabilities {acceptInsecureCerts: false, browserName: chrome, browserVersion: 96.0.4664.110, chrome: {chromedriverVersion: 96.0.4664.45 (76e4c1bb2ab46..., userDataDir: /var/folders/cq/kq1r5w9s3l1...}, goog:chromeOptions: {debuggerAddress: localhost:62618}, javascriptEnabled: true, networkConnectionEnabled: false, pageLoadStrategy: normal, platform: MAC, platformName: MAC, proxy: Proxy(), setWindowRect: true, strictFileInteractability: false, timeouts: {implicit: 0, pageLoad: 300000, script: 30000}, unhandledPromptBehavior: dismiss and notify, webauthn:extension:credBlob: true, webauthn:extension:largeBlob: true, webauthn:virtualAuthenticators: true}
Session ID: 6ecb70de7cb273b3c85ed278c3f0e3ed
</failure>
    <system-out><![CDATA[
  Background:                                     # src/test/java/FeatureFiles/WebTest/De.feature:3
    Given User open order page with "de" Language # PreconditionSteps.userShouldBeOnHomePageWithLanguage(String)

  Scenario: Verify no fill Validation message for Other                    # src/test/java/FeatureFiles/WebTest/De.feature:46
    When User scroll down the page to "Oder bezahlen Sie mit" payment type # OrderPageSteps.userScrollDownThePageToPaymentType(String)
    When User select "Oder bezahlen Sie mit" payment type                  # OrderPageSteps.userSelectPaymentType(String)
    Then User should able to see "Weiter zu Paymentwall" button            # OrderPageSteps.userShouldAbleToSeeButton(String)
    When User click on "Weiter zu Paymentwall" button                      # OrderPageSteps.userClickOnButton(String)
      org.openqa.selenium.ElementNotInteractableException: element not interactable
  (Session info: chrome=96.0.4664.110)
Build info: version: '3.13.0', revision: '2f0d292', time: '2018-06-25T15:24:21.231Z'
System info: host: 'L1123.local', ip: 'fe80:0:0:0:d8:e797:8e2b:ab6%en0', os.name: 'Mac OS X', os.arch: 'x86_64', os.version: '10.16', java.version: '1.8.0_275'
Driver info: org.openqa.selenium.chrome.ChromeDriver
Capabilities {acceptInsecureCerts: false, browserName: chrome, browserVersion: 96.0.4664.110, chrome: {chromedriverVersion: 96.0.4664.45 (76e4c1bb2ab46..., userDataDir: /var/folders/cq/kq1r5w9s3l1...}, goog:chromeOptions: {debuggerAddress: localhost:62618}, javascriptEnabled: true, networkConnectionEnabled: false, pageLoadStrategy: normal, platform: MAC, platformName: MAC, proxy: Proxy(), setWindowRect: true, strictFileInteractability: false, timeouts: {implicit: 0, pageLoad: 300000, script: 30000}, unhandledPromptBehavior: dismiss and notify, webauthn:extension:credBlob: true, webauthn:extension:largeBlob: true, webauthn:virtualAuthenticators: true}
Session ID: 6ecb70de7cb273b3c85ed278c3f0e3ed
	at sun.reflect.NativeConstructorAccessorImpl.newInstance0(Native Method)
	at sun.reflect.NativeConstructorAccessorImpl.newInstance(NativeConstructorAccessorImpl.java:62)
	at sun.reflect.DelegatingConstructorAccessorImpl.newInstance(DelegatingConstructorAccessorImpl.java:45)
	at java.lang.reflect.Constructor.newInstance(Constructor.java:423)
	at org.openqa.selenium.remote.http.W3CHttpResponseCodec.createException(W3CHttpResponseCodec.java:187)
	at org.openqa.selenium.remote.http.W3CHttpResponseCodec.decode(W3CHttpResponseCodec.java:122)
	at org.openqa.selenium.remote.http.W3CHttpResponseCodec.decode(W3CHttpResponseCodec.java:49)
	at org.openqa.selenium.remote.HttpCommandExecutor.execute(HttpCommandExecutor.java:158)
	at org.openqa.selenium.remote.service.DriverCommandExecutor.execute(DriverCommandExecutor.java:83)
	at org.openqa.selenium.remote.RemoteWebDriver.execute(RemoteWebDriver.java:548)
	at org.openqa.selenium.remote.RemoteWebElement.execute(RemoteWebElement.java:276)
	at org.openqa.selenium.remote.RemoteWebElement.click(RemoteWebElement.java:83)
	at Pages.Web.OrderPage.clickSubmitBtn(OrderPage.java:178)
	at stepFiles.WebSteps.OrderPageSteps.userClickOnButton(OrderPageSteps.java:92)
	at ?.User click on "Weiter zu Paymentwall" button(src/test/java/FeatureFiles/WebTest/De.feature:50)

    Then User should able to see no fill error for email                   # OrderPageSteps.userShouldAbleToSeeNoFillErrorForEmail()
]]></system-out>
    <system-err><![CDATA[Starting ChromeDriver 96.0.4664.45 (76e4c1bb2ab4671b8beba3444e61c0f17584b2fc-refs/branch-heads/4664@{#947}) on port 36130
Only local connections are allowed.
Please see https://chromedriver.chromium.org/security-considerations for suggestions on keeping ChromeDriver safe.
ChromeDriver was started successfully.
[1641127275.536][WARNING]: Deprecated chrome option is ignored: useAutomationExtension
[1641127275.536][WARNING]: Deprecated chrome option is ignored: useAutomationExtension
Jan 02, 2022 6:11:16 PM org.openqa.selenium.remote.ProtocolHandshake createSession
INFO: Detected dialect: W3C
]]></system-err>
  </testcase>
  <testcase name="runScenario" classname="runner.WebRunner" time="6.232">
    <failure message="Error for invalid email is not appearing expected [true] but found [false]" type="java.lang.AssertionError">java.lang.AssertionError: Error for invalid email is not appearing expected [true] but found [false]
</failure>
    <system-out><![CDATA[
  Background:                                     # src/test/java/FeatureFiles/WebTest/De.feature:3
    Given User open order page with "de" Language # PreconditionSteps.userShouldBeOnHomePageWithLanguage(String)

  Scenario: Verify Validation message for invalid values         # src/test/java/FeatureFiles/WebTest/De.feature:53
    When User enter email address as "test"                      # OrderPageSteps.userEnterEmailAddressAs(String)
    Then User should able to error for invalid email address     # OrderPageSteps.userShouldAbleToErrorForInvalidEmailAddress()
      java.lang.AssertionError: Error for invalid email is not appearing expected [true] but found [false]
	at org.testng.Assert.fail(Assert.java:94)
	at org.testng.Assert.failNotEquals(Assert.java:496)
	at org.testng.Assert.assertTrue(Assert.java:42)
	at stepFiles.WebSteps.OrderPageSteps.userShouldAbleToErrorForInvalidEmailAddress(OrderPageSteps.java:112)
	at ?.User should able to error for invalid email address(src/test/java/FeatureFiles/WebTest/De.feature:55)

    When User scroll down the page to "Kreditkarte" payment type # OrderPageSteps.userScrollDownThePageToPaymentType(String)
    When User select "Kreditkarte" payment type                  # OrderPageSteps.userSelectPaymentType(String)
    When User enter credit card number as "12"                   # OrderPageSteps.userEnterCreditCardNumberAs(String)
    When User enter cvv as "12"                                  # OrderPageSteps.userEnterCvvAs(String)
    Then User should able to error for invalid card number       # OrderPageSteps.userShouldAbleToErrorForInvalidCardNumber()
    And User should able to error for invalid cvv                # OrderPageSteps.userShouldAbleToErrorForInvalidCvv()
]]></system-out>
    <system-err><![CDATA[Starting ChromeDriver 96.0.4664.45 (76e4c1bb2ab4671b8beba3444e61c0f17584b2fc-refs/branch-heads/4664@{#947}) on port 18084
Only local connections are allowed.
Please see https://chromedriver.chromium.org/security-considerations for suggestions on keeping ChromeDriver safe.
ChromeDriver was started successfully.
[1641127284.320][WARNING]: Deprecated chrome option is ignored: useAutomationExtension
[1641127284.320][WARNING]: Deprecated chrome option is ignored: useAutomationExtension
Jan 02, 2022 6:11:25 PM org.openqa.selenium.remote.ProtocolHandshake createSession
INFO: Detected dialect: W3C
]]></system-err>
  </testcase>
  <testcase name="runScenario" classname="runner.WebRunner" time="6.683"/>
  <testcase name="runScenario" classname="runner.WebRunner" time="9.286"/>
  <testcase name="runScenario" classname="runner.WebRunner" time="8.845">
    <failure message="Index: 0, Size: 0" type="java.lang.IndexOutOfBoundsException">java.lang.IndexOutOfBoundsException: Index: 0, Size: 0
</failure>
    <system-out><![CDATA[
  Background:                                     # src/test/java/FeatureFiles/WebTest/En.feature:3
    Given User open order page with "en" Language # PreconditionSteps.userShouldBeOnHomePageWithLanguage(String)

  Scenario: Verify no fill Validation message for Credit card                  # src/test/java/FeatureFiles/WebTest/En.feature:24
    When User scroll down the page to "Credit Card" payment type               # OrderPageSteps.userScrollDownThePageToPaymentType(String)
    When User select "Credit Card" payment type                                # OrderPageSteps.userSelectPaymentType(String)
    Then it should open credit card detail fill up form                        # OrderPageSteps.itShouldOpenCreditCardDetailFillUpForm()
      java.lang.IndexOutOfBoundsException: Index: 0, Size: 0
	at java.util.ArrayList.rangeCheck(ArrayList.java:659)
	at java.util.ArrayList.get(ArrayList.java:435)
	at sun.reflect.NativeMethodAccessorImpl.invoke0(Native Method)
	at sun.reflect.NativeMethodAccessorImpl.invoke(NativeMethodAccessorImpl.java:62)
	at sun.reflect.DelegatingMethodAccessorImpl.invoke(DelegatingMethodAccessorImpl.java:43)
	at java.lang.reflect.Method.invoke(Method.java:498)
	at org.openqa.selenium.support.pagefactory.internal.LocatingElementListHandler.invoke(LocatingElementListHandler.java:39)
	at com.sun.proxy.$Proxy17.get(Unknown Source)
	at driverFactory.Web.DriverFactory.isElementListAvailable(DriverFactory.java:40)
	at Pages.Web.OrderPage.isCreditCardFormAppeared(OrderPage.java:168)
	at stepFiles.WebSteps.OrderPageSteps.itShouldOpenCreditCardDetailFillUpForm(OrderPageSteps.java:76)
	at ?.it should open credit card detail fill up form(src/test/java/FeatureFiles/WebTest/En.feature:27)

    When User click on "Join Now" button                                       # OrderPageSteps.userClickOnButton(String)
    Then User should able to see no fill error for email                       # OrderPageSteps.userShouldAbleToSeeNoFillErrorForEmail()
    And User should able to see no fill error for credit card form all details # OrderPageSteps.userShouldAbleToSeeNoFillErrorForCreditCardFormAllDetails()
]]></system-out>
    <system-err><![CDATA[Starting ChromeDriver 96.0.4664.45 (76e4c1bb2ab4671b8beba3444e61c0f17584b2fc-refs/branch-heads/4664@{#947}) on port 15044
Only local connections are allowed.
Please see https://chromedriver.chromium.org/security-considerations for suggestions on keeping ChromeDriver safe.
ChromeDriver was started successfully.
[1641127313.992][WARNING]: Deprecated chrome option is ignored: useAutomationExtension
[1641127313.992][WARNING]: Deprecated chrome option is ignored: useAutomationExtension
Jan 02, 2022 6:11:55 PM org.openqa.selenium.remote.ProtocolHandshake createSession
INFO: Detected dialect: W3C
]]></system-err>
  </testcase>
  <testcase name="runScenario" classname="runner.WebRunner" time="7.703"/>
  <testcase name="runScenario" classname="runner.WebRunner" time="6.846"/>
  <testcase name="runScenario" classname="runner.WebRunner" time="7.344"/>
  <testcase name="runScenario" classname="runner.WebRunner" time="6.078">
    <failure message="element not interactable&#10;  (Session info: chrome=96.0.4664.110)&#10;Build info: version: &apos;3.13.0&apos;, revision: &apos;2f0d292&apos;, time: &apos;2018-06-25T15:24:21.231Z&apos;&#10;System info: host: &apos;L1123.local&apos;, ip: &apos;fe80:0:0:0:d8:e797:8e2b:ab6%en0&apos;, os.name: &apos;Mac OS X&apos;, os.arch: &apos;x86_64&apos;, os.version: &apos;10.16&apos;, java.version: &apos;1.8.0_275&apos;&#10;Driver info: org.openqa.selenium.chrome.ChromeDriver&#10;Capabilities {acceptInsecureCerts: false, browserName: chrome, browserVersion: 96.0.4664.110, chrome: {chromedriverVersion: 96.0.4664.45 (76e4c1bb2ab46..., userDataDir: /var/folders/cq/kq1r5w9s3l1...}, goog:chromeOptions: {debuggerAddress: localhost:63048}, javascriptEnabled: true, networkConnectionEnabled: false, pageLoadStrategy: normal, platform: MAC, platformName: MAC, proxy: Proxy(), setWindowRect: true, strictFileInteractability: false, timeouts: {implicit: 0, pageLoad: 300000, script: 30000}, unhandledPromptBehavior: dismiss and notify, webauthn:extension:credBlob: true, webauthn:extension:largeBlob: true, webauthn:virtualAuthenticators: true}&#10;Session ID: f485b2a33cc90cbbfb5d2d3a72880bd5" type="org.openqa.selenium.ElementNotInteractableException">org.openqa.selenium.ElementNotInteractableException: 
element not interactable
  (Session info: chrome=96.0.4664.110)
Build info: version: '3.13.0', revision: '2f0d292', time: '2018-06-25T15:24:21.231Z'
System info: host: 'L1123.local', ip: 'fe80:0:0:0:d8:e797:8e2b:ab6%en0', os.name: 'Mac OS X', os.arch: 'x86_64', os.version: '10.16', java.version: '1.8.0_275'
Driver info: org.openqa.selenium.chrome.ChromeDriver
Capabilities {acceptInsecureCerts: false, browserName: chrome, browserVersion: 96.0.4664.110, chrome: {chromedriverVersion: 96.0.4664.45 (76e4c1bb2ab46..., userDataDir: /var/folders/cq/kq1r5w9s3l1...}, goog:chromeOptions: {debuggerAddress: localhost:63048}, javascriptEnabled: true, networkConnectionEnabled: false, pageLoadStrategy: normal, platform: MAC, platformName: MAC, proxy: Proxy(), setWindowRect: true, strictFileInteractability: false, timeouts: {implicit: 0, pageLoad: 300000, script: 30000}, unhandledPromptBehavior: dismiss and notify, webauthn:extension:credBlob: true, webauthn:extension:largeBlob: true, webauthn:virtualAuthenticators: true}
Session ID: f485b2a33cc90cbbfb5d2d3a72880bd5
</failure>
    <system-out><![CDATA[
  Background:                                     # src/test/java/FeatureFiles/WebTest/En.feature:3
    Given User open order page with "en" Language # PreconditionSteps.userShouldBeOnHomePageWithLanguage(String)

  Scenario: Verify Validation message for invalid values         # src/test/java/FeatureFiles/WebTest/En.feature:53
    When User enter email address as "test"                      # OrderPageSteps.userEnterEmailAddressAs(String)
    Then User should able to error for invalid email address     # OrderPageSteps.userShouldAbleToErrorForInvalidEmailAddress()
    When User scroll down the page to "Credit Card" payment type # OrderPageSteps.userScrollDownThePageToPaymentType(String)
    When User select "Credit Card" payment type                  # OrderPageSteps.userSelectPaymentType(String)
    When User enter credit card number as "12"                   # OrderPageSteps.userEnterCreditCardNumberAs(String)
      org.openqa.selenium.ElementNotInteractableException: element not interactable
  (Session info: chrome=96.0.4664.110)
Build info: version: '3.13.0', revision: '2f0d292', time: '2018-06-25T15:24:21.231Z'
System info: host: 'L1123.local', ip: 'fe80:0:0:0:d8:e797:8e2b:ab6%en0', os.name: 'Mac OS X', os.arch: 'x86_64', os.version: '10.16', java.version: '1.8.0_275'
Driver info: org.openqa.selenium.chrome.ChromeDriver
Capabilities {acceptInsecureCerts: false, browserName: chrome, browserVersion: 96.0.4664.110, chrome: {chromedriverVersion: 96.0.4664.45 (76e4c1bb2ab46..., userDataDir: /var/folders/cq/kq1r5w9s3l1...}, goog:chromeOptions: {debuggerAddress: localhost:63048}, javascriptEnabled: true, networkConnectionEnabled: false, pageLoadStrategy: normal, platform: MAC, platformName: MAC, proxy: Proxy(), setWindowRect: true, strictFileInteractability: false, timeouts: {implicit: 0, pageLoad: 300000, script: 30000}, unhandledPromptBehavior: dismiss and notify, webauthn:extension:credBlob: true, webauthn:extension:largeBlob: true, webauthn:virtualAuthenticators: true}
Session ID: f485b2a33cc90cbbfb5d2d3a72880bd5
	at sun.reflect.NativeConstructorAccessorImpl.newInstance0(Native Method)
	at sun.reflect.NativeConstructorAccessorImpl.newInstance(NativeConstructorAccessorImpl.java:62)
	at sun.reflect.DelegatingConstructorAccessorImpl.newInstance(DelegatingConstructorAccessorImpl.java:45)
	at java.lang.reflect.Constructor.newInstance(Constructor.java:423)
	at org.openqa.selenium.remote.http.W3CHttpResponseCodec.createException(W3CHttpResponseCodec.java:187)
	at org.openqa.selenium.remote.http.W3CHttpResponseCodec.decode(W3CHttpResponseCodec.java:122)
	at org.openqa.selenium.remote.http.W3CHttpResponseCodec.decode(W3CHttpResponseCodec.java:49)
	at org.openqa.selenium.remote.HttpCommandExecutor.execute(HttpCommandExecutor.java:158)
	at org.openqa.selenium.remote.service.DriverCommandExecutor.execute(DriverCommandExecutor.java:83)
	at org.openqa.selenium.remote.RemoteWebDriver.execute(RemoteWebDriver.java:548)
	at org.openqa.selenium.remote.RemoteWebElement.execute(RemoteWebElement.java:276)
	at org.openqa.selenium.remote.RemoteWebElement.clear(RemoteWebElement.java:118)
	at sun.reflect.NativeMethodAccessorImpl.invoke0(Native Method)
	at sun.reflect.NativeMethodAccessorImpl.invoke(NativeMethodAccessorImpl.java:62)
	at sun.reflect.DelegatingMethodAccessorImpl.invoke(DelegatingMethodAccessorImpl.java:43)
	at java.lang.reflect.Method.invoke(Method.java:498)
	at org.openqa.selenium.support.pagefactory.internal.LocatingElementHandler.invoke(LocatingElementHandler.java:51)
	at com.sun.proxy.$Proxy18.clear(Unknown Source)
	at Pages.Web.OrderPage.enterCreditCardNumber(OrderPage.java:257)
	at stepFiles.WebSteps.OrderPageSteps.userEnterCreditCardNumberAs(OrderPageSteps.java:127)
	at ?.User enter credit card number as "12"(src/test/java/FeatureFiles/WebTest/En.feature:58)

    When User enter cvv as "12"                                  # OrderPageSteps.userEnterCvvAs(String)
    Then User should able to error for invalid card number       # OrderPageSteps.userShouldAbleToErrorForInvalidCardNumber()
    And User should able to error for invalid cvv                # OrderPageSteps.userShouldAbleToErrorForInvalidCvv()
]]></system-out>
    <system-err><![CDATA[Starting ChromeDriver 96.0.4664.45 (76e4c1bb2ab4671b8beba3444e61c0f17584b2fc-refs/branch-heads/4664@{#947}) on port 7045
Only local connections are allowed.
Please see https://chromedriver.chromium.org/security-considerations for suggestions on keeping ChromeDriver safe.
ChromeDriver was started successfully.
[1641127355.221][WARNING]: Deprecated chrome option is ignored: useAutomationExtension
[1641127355.221][WARNING]: Deprecated chrome option is ignored: useAutomationExtension
Jan 02, 2022 6:12:36 PM org.openqa.selenium.remote.ProtocolHandshake createSession
INFO: Detected dialect: W3C
]]></system-err>
  </testcase>
</testsuite>